[debug] [2021-02-26T14:44:44.080Z] ----------------------------------------------------------------------
[debug] [2021-02-26T14:44:44.087Z] Command:       C:\Program Files\nodejs\node.exe C:\Users\Naynesh\AppData\Roaming\npm\node_modules\firebase-tools\lib\bin\firebase.js init
[debug] [2021-02-26T14:44:44.089Z] CLI Version:   9.4.0
[debug] [2021-02-26T14:44:44.089Z] Platform:      win32
[debug] [2021-02-26T14:44:44.089Z] Node Version:  v14.15.4
[debug] [2021-02-26T14:44:44.093Z] Time:          Fri Feb 26 2021 20:14:44 GMT+0530 (India Standard Time)
[debug] [2021-02-26T14:44:44.093Z] ----------------------------------------------------------------------
[debug] [2021-02-26T14:44:44.094Z] 
[debug] [2021-02-26T14:44:44.101Z] >>> [apiv2][query] GET https://firebase-public.firebaseio.com/cli.json [none]
[debug] [2021-02-26T14:44:44.264Z] > command requires scopes: ["email","openid","https://www.googleapis.com/auth/cloudplatformprojects.readonly","https://www.googleapis.com/auth/firebase","https://www.googleapis.com/auth/cloud-platform"]
[debug] [2021-02-26T14:44:44.266Z] > authorizing via signed-in user
[info] 
     ######## #### ########  ######## ########     ###     ######  ########
     ##        ##  ##     ## ##       ##     ##  ##   ##  ##       ##
     ######    ##  ########  ######   ########  #########  ######  ######
     ##        ##  ##    ##  ##       ##     ## ##     ##       ## ##
     ##       #### ##     ## ######## ########  ##     ##  ######  ########

You're about to initialize a Firebase project in this directory:

  D:\task\khumesh-furniture

Before we get started, keep in mind:

  * You are initializing in an existing Firebase project directory

[debug] [2021-02-26T14:44:46.569Z] <<< [apiv2][status] GET https://firebase-public.firebaseio.com/cli.json 200
[debug] [2021-02-26T14:44:46.570Z] <<< [apiv2][body] GET https://firebase-public.firebaseio.com/cli.json {"cloudBuildErrorAfter":1594252800000,"cloudBuildWarnAfter":1590019200000,"defaultNode10After":1594252800000,"minVersion":"3.0.5","node8DeploysDisabledAfter":1613390400000,"node8RuntimeDisabledAfter":1615809600000,"node8WarnAfter":1600128000000}
